<?xml version="1.0" encoding="UTF-8"?>
<testsuite name="ru.nsu.demidov.expressions.ExpressionTest" tests="27" skipped="0" failures="0" errors="0" timestamp="2024-12-17T06:53:34" hostname="CHINANUMBA1" time="0.076">
  <properties/>
  <testcase name="testDerivative()" classname="ru.nsu.demidov.expressions.ExpressionTest" time="0.027"/>
  <testcase name="testNotEqual()" classname="ru.nsu.demidov.expressions.ExpressionTest" time="0.002"/>
  <testcase name="testDivDerivative()" classname="ru.nsu.demidov.expressions.ExpressionTest" time="0.001"/>
  <testcase name="testSumEvaluate()" classname="ru.nsu.demidov.expressions.ExpressionTest" time="0.001"/>
  <testcase name="testMulSimplify()" classname="ru.nsu.demidov.expressions.ExpressionTest" time="0.001"/>
  <testcase name="testNumberSimplify()" classname="ru.nsu.demidov.expressions.ExpressionTest" time="0.001"/>
  <testcase name="testDivEvaluate()" classname="ru.nsu.demidov.expressions.ExpressionTest" time="0.001"/>
  <testcase name="testSumSimplify()" classname="ru.nsu.demidov.expressions.ExpressionTest" time="0.001"/>
  <testcase name="testSumDerivative()" classname="ru.nsu.demidov.expressions.ExpressionTest" time="0.001"/>
  <testcase name="testAdd()" classname="ru.nsu.demidov.expressions.ExpressionTest" time="0.002"/>
  <testcase name="testDiv()" classname="ru.nsu.demidov.expressions.ExpressionTest" time="0.001"/>
  <testcase name="testSub()" classname="ru.nsu.demidov.expressions.ExpressionTest" time="0.001"/>
  <testcase name="testDivSimplify()" classname="ru.nsu.demidov.expressions.ExpressionTest" time="0.001"/>
  <testcase name="testVariableEvaluate()" classname="ru.nsu.demidov.expressions.ExpressionTest" time="0.001"/>
  <testcase name="testNumberDerivative()" classname="ru.nsu.demidov.expressions.ExpressionTest" time="0.001"/>
  <testcase name="testEqual()" classname="ru.nsu.demidov.expressions.ExpressionTest" time="0.001"/>
  <testcase name="testVariableSimplify()" classname="ru.nsu.demidov.expressions.ExpressionTest" time="0.001"/>
  <testcase name="testExpressions()" classname="ru.nsu.demidov.expressions.ExpressionTest" time="0.0"/>
  <testcase name="testVariableDerivative()" classname="ru.nsu.demidov.expressions.ExpressionTest" time="0.001"/>
  <testcase name="testVariables()" classname="ru.nsu.demidov.expressions.ExpressionTest" time="0.002"/>
  <testcase name="testSubEvaluate()" classname="ru.nsu.demidov.expressions.ExpressionTest" time="0.0"/>
  <testcase name="testEvaluate()" classname="ru.nsu.demidov.expressions.ExpressionTest" time="0.001"/>
  <testcase name="testSubDerivative()" classname="ru.nsu.demidov.expressions.ExpressionTest" time="0.0"/>
  <testcase name="testSubSimplify()" classname="ru.nsu.demidov.expressions.ExpressionTest" time="0.001"/>
  <testcase name="testMulDerivative()" classname="ru.nsu.demidov.expressions.ExpressionTest" time="0.0"/>
  <testcase name="testMulEvaluate()" classname="ru.nsu.demidov.expressions.ExpressionTest" time="0.001"/>
  <testcase name="testNumberEvaluate()" classname="ru.nsu.demidov.expressions.ExpressionTest" time="0.0"/>
  <system-out><![CDATA[]]></system-out>
  <system-err><![CDATA[]]></system-err>
</testsuite>
